# JRE version: OpenJDK Runtime Environment (8.0_152-b01) (build 1.8.0_152-release-1343-b01)
# Java VM: OpenJDK 64-Bit Server VM (25.152-b01 mixed mode windows-amd64 compressed oops)
Heap:
 PSYoungGen      total 112128K, used 85612K [0x00000000e0000000, 0x00000000e7b00000, 0x0000000100000000)
  eden space 101376K, 76% used [0x00000000e0000000,0x00000000e4b8f020,0x00000000e6300000)
  from space 10752K, 76% used [0x00000000e7080000,0x00000000e788c2d0,0x00000000e7b00000)
  to   space 12288K, 0% used [0x00000000e6300000,0x00000000e6300000,0x00000000e6f00000)
 ParOldGen       total 83968K, used 24108K [0x00000000a0000000, 0x00000000a5200000, 0x00000000e0000000)
  object space 83968K, 28% used [0x00000000a0000000,0x00000000a178b1e8,0x00000000a5200000)
 Metaspace       used 56017K, capacity 57358K, committed 57560K, reserved 1099776K
  class space    used 7535K, capacity 7890K, committed 7936K, reserved 1048576K
GC Heap History (10 events):
Event: 24.297 GC heap before
{Heap before GC invocations=10 (full 1):
 PSYoungGen      total 66048K, used 62638K [0x00000000e0000000, 0x00000000e4b80000, 0x0000000100000000)
  eden space 56832K, 100% used [0x00000000e0000000,0x00000000e3780000,0x00000000e3780000)
  from space 9216K, 63% used [0x00000000e4280000,0x00000000e482b8d8,0x00000000e4b80000)
  to   space 10240K, 0% used [0x00000000e3780000,0x00000000e3780000,0x00000000e4180000)
 ParOldGen       total 56320K, used 10033K [0x00000000a0000000, 0x00000000a3700000, 0x00000000e0000000)
  object space 56320K, 17% used [0x00000000a0000000,0x00000000a09cc6b8,0x00000000a3700000)
 Metaspace       used 31281K, capacity 31762K, committed 32128K, reserved 1077248K
  class space    used 4301K, capacity 4469K, committed 4480K, reserved 1048576K
Event: 24.320 GC heap after
Heap after GC invocations=10 (full 1):
 PSYoungGen      total 67072K, used 7847K [0x00000000e0000000, 0x00000000e6300000, 0x0000000100000000)
  eden space 56832K, 0% used [0x00000000e0000000,0x00000000e0000000,0x00000000e3780000)
  from space 10240K, 76% used [0x00000000e3780000,0x00000000e3f29e30,0x00000000e4180000)
  to   space 10240K, 0% used [0x00000000e5900000,0x00000000e5900000,0x00000000e6300000)
 ParOldGen       total 56320K, used 10041K [0x00000000a0000000, 0x00000000a3700000, 0x00000000e0000000)
  object space 56320K, 17% used [0x00000000a0000000,0x00000000a09ce6b8,0x00000000a3700000)
 Metaspace       used 31281K, capacity 31762K, committed 32128K, reserved 1077248K
  class space    used 4301K, capacity 4469K, committed 4480K, reserved 1048576K
}
Event: 29.482 GC heap before
{Heap before GC invocations=11 (full 1):
 PSYoungGen      total 67072K, used 63684K [0x00000000e0000000, 0x00000000e6300000, 0x0000000100000000)
  eden space 56832K, 98% used [0x00000000e0000000,0x00000000e3687490,0x00000000e3780000)
  from space 10240K, 76% used [0x00000000e3780000,0x00000000e3f29e30,0x00000000e4180000)
  to   space 10240K, 0% used [0x00000000e5900000,0x00000000e5900000,0x00000000e6300000)
 ParOldGen       total 56320K, used 10041K [0x00000000a0000000, 0x00000000a3700000, 0x00000000e0000000)
  object space 56320K, 17% used [0x00000000a0000000,0x00000000a09ce6b8,0x00000000a3700000)
 Metaspace       used 34676K, capacity 35262K, committed 35416K, reserved 1079296K
  class space    used 4783K, capacity 4976K, committed 4992K, reserved 1048576K
Event: 29.508 GC heap after
Heap after GC invocations=11 (full 1):
 PSYoungGen      total 88064K, used 7596K [0x00000000e0000000, 0x00000000e6180000, 0x0000000100000000)
  eden space 79360K, 0% used [0x00000000e0000000,0x00000000e0000000,0x00000000e4d80000)
  from space 8704K, 87% used [0x00000000e5900000,0x00000000e606b3d8,0x00000000e6180000)
  to   space 10240K, 0% used [0x00000000e4d80000,0x00000000e4d80000,0x00000000e5780000)
 ParOldGen       total 56320K, used 13313K [0x00000000a0000000, 0x00000000a3700000, 0x00000000e0000000)
  object space 56320K, 23% used [0x00000000a0000000,0x00000000a0d006e8,0x00000000a3700000)
 Metaspace       used 34676K, capacity 35262K, committed 35416K, reserved 1079296K
  class space    used 4783K, capacity 4976K, committed 4992K, reserved 1048576K
}
Event: 29.508 GC heap before
{Heap before GC invocations=12 (full 2):
 PSYoungGen      total 88064K, used 7596K [0x00000000e0000000, 0x00000000e6180000, 0x0000000100000000)
  eden space 79360K, 0% used [0x00000000e0000000,0x00000000e0000000,0x00000000e4d80000)
  from space 8704K, 87% used [0x00000000e5900000,0x00000000e606b3d8,0x00000000e6180000)
  to   space 10240K, 0% used [0x00000000e4d80000,0x00000000e4d80000,0x00000000e5780000)
 ParOldGen       total 56320K, used 13313K [0x00000000a0000000, 0x00000000a3700000, 0x00000000e0000000)
  object space 56320K, 23% used [0x00000000a0000000,0x00000000a0d006e8,0x00000000a3700000)
 Metaspace       used 34676K, capacity 35262K, committed 35416K, reserved 1079296K
  class space    used 4783K, capacity 4976K, committed 4992K, reserved 1048576K
Event: 29.710 GC heap after
Heap after GC invocations=12 (full 2):
 PSYoungGen      total 88064K, used 0K [0x00000000e0000000, 0x00000000e6180000, 0x0000000100000000)
  eden space 79360K, 0% used [0x00000000e0000000,0x00000000e0000000,0x00000000e4d80000)
  from space 8704K, 0% used [0x00000000e5900000,0x00000000e5900000,0x00000000e6180000)
  to   space 10240K, 0% used [0x00000000e4d80000,0x00000000e4d80000,0x00000000e5780000)
 ParOldGen       total 83968K, used 17562K [0x00000000a0000000, 0x00000000a5200000, 0x00000000e0000000)
  object space 83968K, 20% used [0x00000000a0000000,0x00000000a1126ab0,0x00000000a5200000)
 Metaspace       used 34665K, capacity 35226K, committed 35416K, reserved 1079296K
  class space    used 4780K, capacity 4970K, committed 4992K, reserved 1048576K
}
Event: 33.946 GC heap before
{Heap before GC invocations=13 (full 2):
 PSYoungGen      total 88064K, used 79360K [0x00000000e0000000, 0x00000000e6180000, 0x0000000100000000)
  eden space 79360K, 100% used [0x00000000e0000000,0x00000000e4d80000,0x00000000e4d80000)
  from space 8704K, 0% used [0x00000000e5900000,0x00000000e5900000,0x00000000e6180000)
  to   space 10240K, 0% used [0x00000000e4d80000,0x00000000e4d80000,0x00000000e5780000)
 ParOldGen       total 83968K, used 17562K [0x00000000a0000000, 0x00000000a5200000, 0x00000000e0000000)
  object space 83968K, 20% used [0x00000000a0000000,0x00000000a1126ab0,0x00000000a5200000)
 Metaspace       used 43479K, capacity 44246K, committed 44760K, reserved 1087488K
  class space    used 5831K, capacity 6063K, committed 6144K, reserved 1048576K
Event: 33.974 GC heap after
Heap after GC invocations=13 (full 2):
 PSYoungGen      total 89600K, used 10236K [0x00000000e0000000, 0x00000000e7c80000, 0x0000000100000000)
  eden space 79360K, 0% used [0x00000000e0000000,0x00000000e0000000,0x00000000e4d80000)
  from space 10240K, 99% used [0x00000000e4d80000,0x00000000e577f338,0x00000000e5780000)
  to   space 12288K, 0% used [0x00000000e7080000,0x00000000e7080000,0x00000000e7c80000)
 ParOldGen       total 83968K, used 19329K [0x00000000a0000000, 0x00000000a5200000, 0x00000000e0000000)
  object space 83968K, 23% used [0x00000000a0000000,0x00000000a12e0420,0x00000000a5200000)
 Metaspace       used 43479K, capacity 44246K, committed 44760K, reserved 1087488K
  class space    used 5831K, capacity 6063K, committed 6144K, reserved 1048576K
}
Event: 38.802 GC heap before
{Heap before GC invocations=14 (full 2):
 PSYoungGen      total 89600K, used 89596K [0x00000000e0000000, 0x00000000e7c80000, 0x0000000100000000)
  eden space 79360K, 100% used [0x00000000e0000000,0x00000000e4d80000,0x00000000e4d80000)
  from space 10240K, 99% used [0x00000000e4d80000,0x00000000e577f338,0x00000000e5780000)
  to   space 12288K, 0% used [0x00000000e7080000,0x00000000e7080000,0x00000000e7c80000)
 ParOldGen       total 83968K, used 19329K [0x00000000a0000000, 0x00000000a5200000, 0x00000000e0000000)
  object space 83968K, 23% used [0x00000000a0000000,0x00000000a12e0420,0x00000000a5200000)
 Metaspace       used 50056K, capacity 51016K, committed 51288K, reserved 1093632K
  class space    used 6731K, capacity 6993K, committed 7040K, reserved 1048576K
Event: 38.831 GC heap after
Heap after GC invocations=14 (full 2):
 PSYoungGen      total 112128K, used 8240K [0x00000000e0000000, 0x00000000e7b00000, 0x0000000100000000)
  eden space 101376K, 0% used [0x00000000e0000000,0x00000000e0000000,0x00000000e6300000)
  from space 10752K, 76% used [0x00000000e7080000,0x00000000e788c2d0,0x00000000e7b00000)
  to   space 12288K, 0% used [0x00000000e6300000,0x00000000e6300000,0x00000000e6f00000)
 ParOldGen       total 83968K, used 24108K [0x00000000a0000000, 0x00000000a5200000, 0x00000000e0000000)
  object space 83968K, 28% used [0x00000000a0000000,0x00000000a178b1e8,0x00000000a5200000)
 Metaspace       used 50056K, capacity 51016K, committed 51288K, reserved 1093632K
  class space    used 6731K, capacity 6993K, committed 7040K, reserved 1048576K
}

