# JRE version: OpenJDK Runtime Environment (8.0_152-b01) (build 1.8.0_152-release-1343-b01)
# Java VM: OpenJDK 64-Bit Server VM (25.152-b01 mixed mode windows-amd64 compressed oops)
Heap:
 PSYoungGen      total 77312K, used 17207K [0x00000000e0000000, 0x00000000e5600000, 0x0000000100000000)
  eden space 66560K, 25% used [0x00000000e0000000,0x00000000e10cdde0,0x00000000e4100000)
  from space 10752K, 0% used [0x00000000e4100000,0x00000000e4100000,0x00000000e4b80000)
  to   space 10752K, 0% used [0x00000000e4b80000,0x00000000e4b80000,0x00000000e5600000)
 ParOldGen       total 57344K, used 13473K [0x00000000a0000000, 0x00000000a3800000, 0x00000000e0000000)
  object space 57344K, 23% used [0x00000000a0000000,0x00000000a0d284f0,0x00000000a3800000)
 Metaspace       used 28648K, capacity 29173K, committed 29440K, reserved 1075200K
  class space    used 3855K, capacity 4040K, committed 4096K, reserved 1048576K
GC Heap History (10 events):
Event: 10.407 GC heap before
{Heap before GC invocations=5 (full 0):
 PSYoungGen      total 38400K, used 38393K [0x00000000e0000000, 0x00000000e2a80000, 0x0000000100000000)
  eden space 33280K, 100% used [0x00000000e0000000,0x00000000e2080000,0x00000000e2080000)
  from space 5120K, 99% used [0x00000000e2580000,0x00000000e2a7e640,0x00000000e2a80000)
  to   space 5120K, 0% used [0x00000000e2080000,0x00000000e2080000,0x00000000e2580000)
 ParOldGen       total 87552K, used 5666K [0x00000000a0000000, 0x00000000a5580000, 0x00000000e0000000)
  object space 87552K, 6% used [0x00000000a0000000,0x00000000a0588b80,0x00000000a5580000)
 Metaspace       used 19635K, capacity 20154K, committed 20224K, reserved 1067008K
  class space    used 2814K, capacity 3027K, committed 3072K, reserved 1048576K
Event: 10.430 GC heap after
Heap after GC invocations=5 (full 0):
 PSYoungGen      total 38400K, used 5101K [0x00000000e0000000, 0x00000000e5600000, 0x0000000100000000)
  eden space 33280K, 0% used [0x00000000e0000000,0x00000000e0000000,0x00000000e2080000)
  from space 5120K, 99% used [0x00000000e2080000,0x00000000e257b660,0x00000000e2580000)
  to   space 10752K, 0% used [0x00000000e4b80000,0x00000000e4b80000,0x00000000e5600000)
 ParOldGen       total 87552K, used 9724K [0x00000000a0000000, 0x00000000a5580000, 0x00000000e0000000)
  object space 87552K, 11% used [0x00000000a0000000,0x00000000a097f1b0,0x00000000a5580000)
 Metaspace       used 19635K, capacity 20154K, committed 20224K, reserved 1067008K
  class space    used 2814K, capacity 3027K, committed 3072K, reserved 1048576K
}
Event: 10.650 GC heap before
{Heap before GC invocations=6 (full 0):
 PSYoungGen      total 38400K, used 11777K [0x00000000e0000000, 0x00000000e5600000, 0x0000000100000000)
  eden space 33280K, 20% used [0x00000000e0000000,0x00000000e0685130,0x00000000e2080000)
  from space 5120K, 99% used [0x00000000e2080000,0x00000000e257b660,0x00000000e2580000)
  to   space 10752K, 0% used [0x00000000e4b80000,0x00000000e4b80000,0x00000000e5600000)
 ParOldGen       total 87552K, used 9724K [0x00000000a0000000, 0x00000000a5580000, 0x00000000e0000000)
  object space 87552K, 11% used [0x00000000a0000000,0x00000000a097f1b0,0x00000000a5580000)
 Metaspace       used 20632K, capacity 21114K, committed 21296K, reserved 1067008K
  class space    used 2895K, capacity 3091K, committed 3200K, reserved 1048576K
Event: 10.662 GC heap after
Heap after GC invocations=6 (full 0):
 PSYoungGen      total 77312K, used 6150K [0x00000000e0000000, 0x00000000e5600000, 0x0000000100000000)
  eden space 66560K, 0% used [0x00000000e0000000,0x00000000e0000000,0x00000000e4100000)
  from space 10752K, 57% used [0x00000000e4b80000,0x00000000e5181af8,0x00000000e5600000)
  to   space 10752K, 0% used [0x00000000e4100000,0x00000000e4100000,0x00000000e4b80000)
 ParOldGen       total 87552K, used 9732K [0x00000000a0000000, 0x00000000a5580000, 0x00000000e0000000)
  object space 87552K, 11% used [0x00000000a0000000,0x00000000a09811b0,0x00000000a5580000)
 Metaspace       used 20632K, capacity 21114K, committed 21296K, reserved 1067008K
  class space    used 2895K, capacity 3091K, committed 3200K, reserved 1048576K
}
Event: 10.662 GC heap before
{Heap before GC invocations=7 (full 1):
 PSYoungGen      total 77312K, used 6150K [0x00000000e0000000, 0x00000000e5600000, 0x0000000100000000)
  eden space 66560K, 0% used [0x00000000e0000000,0x00000000e0000000,0x00000000e4100000)
  from space 10752K, 57% used [0x00000000e4b80000,0x00000000e5181af8,0x00000000e5600000)
  to   space 10752K, 0% used [0x00000000e4100000,0x00000000e4100000,0x00000000e4b80000)
 ParOldGen       total 87552K, used 9732K [0x00000000a0000000, 0x00000000a5580000, 0x00000000e0000000)
  object space 87552K, 11% used [0x00000000a0000000,0x00000000a09811b0,0x00000000a5580000)
 Metaspace       used 20632K, capacity 21114K, committed 21296K, reserved 1067008K
  class space    used 2895K, capacity 3091K, committed 3200K, reserved 1048576K
Event: 10.736 GC heap after
Heap after GC invocations=7 (full 1):
 PSYoungGen      total 77312K, used 0K [0x00000000e0000000, 0x00000000e5600000, 0x0000000100000000)
  eden space 66560K, 0% used [0x00000000e0000000,0x00000000e0000000,0x00000000e4100000)
  from space 10752K, 0% used [0x00000000e4b80000,0x00000000e4b80000,0x00000000e5600000)
  to   space 10752K, 0% used [0x00000000e4100000,0x00000000e4100000,0x00000000e4b80000)
 ParOldGen       total 57344K, used 10402K [0x00000000a0000000, 0x00000000a3800000, 0x00000000e0000000)
  object space 57344K, 18% used [0x00000000a0000000,0x00000000a0a28a78,0x00000000a3800000)
 Metaspace       used 20632K, capacity 21114K, committed 21296K, reserved 1067008K
  class space    used 2895K, capacity 3091K, committed 3200K, reserved 1048576K
}
Event: 12.881 GC heap before
{Heap before GC invocations=8 (full 1):
 PSYoungGen      total 77312K, used 48085K [0x00000000e0000000, 0x00000000e5600000, 0x0000000100000000)
  eden space 66560K, 72% used [0x00000000e0000000,0x00000000e2ef5678,0x00000000e4100000)
  from space 10752K, 0% used [0x00000000e4b80000,0x00000000e4b80000,0x00000000e5600000)
  to   space 10752K, 0% used [0x00000000e4100000,0x00000000e4100000,0x00000000e4b80000)
 ParOldGen       total 57344K, used 10402K [0x00000000a0000000, 0x00000000a3800000, 0x00000000e0000000)
  object space 57344K, 18% used [0x00000000a0000000,0x00000000a0a28a78,0x00000000a3800000)
 Metaspace       used 27160K, capacity 27660K, committed 27776K, reserved 1077248K
  class space    used 3695K, capacity 3901K, committed 3968K, reserved 1048576K
Event: 12.893 GC heap after
Heap after GC invocations=8 (full 1):
 PSYoungGen      total 77312K, used 6517K [0x00000000e0000000, 0x00000000e5600000, 0x0000000100000000)
  eden space 66560K, 0% used [0x00000000e0000000,0x00000000e0000000,0x00000000e4100000)
  from space 10752K, 60% used [0x00000000e4100000,0x00000000e475d5f0,0x00000000e4b80000)
  to   space 10752K, 0% used [0x00000000e4b80000,0x00000000e4b80000,0x00000000e5600000)
 ParOldGen       total 57344K, used 10410K [0x00000000a0000000, 0x00000000a3800000, 0x00000000e0000000)
  object space 57344K, 18% used [0x00000000a0000000,0x00000000a0a2aa78,0x00000000a3800000)
 Metaspace       used 27160K, capacity 27660K, committed 27776K, reserved 1077248K
  class space    used 3695K, capacity 3901K, committed 3968K, reserved 1048576K
}
Event: 12.893 GC heap before
{Heap before GC invocations=9 (full 2):
 PSYoungGen      total 77312K, used 6517K [0x00000000e0000000, 0x00000000e5600000, 0x0000000100000000)
  eden space 66560K, 0% used [0x00000000e0000000,0x00000000e0000000,0x00000000e4100000)
  from space 10752K, 60% used [0x00000000e4100000,0x00000000e475d5f0,0x00000000e4b80000)
  to   space 10752K, 0% used [0x00000000e4b80000,0x00000000e4b80000,0x00000000e5600000)
 ParOldGen       total 57344K, used 10410K [0x00000000a0000000, 0x00000000a3800000, 0x00000000e0000000)
  object space 57344K, 18% used [0x00000000a0000000,0x00000000a0a2aa78,0x00000000a3800000)
 Metaspace       used 27160K, capacity 27660K, committed 27776K, reserved 1077248K
  class space    used 3695K, capacity 3901K, committed 3968K, reserved 1048576K
Event: 13.011 GC heap after
Heap after GC invocations=9 (full 2):
 PSYoungGen      total 77312K, used 0K [0x00000000e0000000, 0x00000000e5600000, 0x0000000100000000)
  eden space 66560K, 0% used [0x00000000e0000000,0x00000000e0000000,0x00000000e4100000)
  from space 10752K, 0% used [0x00000000e4100000,0x00000000e4100000,0x00000000e4b80000)
  to   space 10752K, 0% used [0x00000000e4b80000,0x00000000e4b80000,0x00000000e5600000)
 ParOldGen       total 57344K, used 13473K [0x00000000a0000000, 0x00000000a3800000, 0x00000000e0000000)
  object space 57344K, 23% used [0x00000000a0000000,0x00000000a0d284f0,0x00000000a3800000)
 Metaspace       used 27160K, capacity 27660K, committed 27776K, reserved 1075200K
  class space    used 3695K, capacity 3901K, committed 3968K, reserved 1048576K
}

