# JRE version: OpenJDK Runtime Environment (8.0_152-b01) (build 1.8.0_152-release-1343-b01)
# Java VM: OpenJDK 64-Bit Server VM (25.152-b01 mixed mode windows-amd64 compressed oops)
Heap:
 PSYoungGen      total 270336K, used 32809K [0x00000000e0000000, 0x00000000f2800000, 0x0000000100000000)
  eden space 240640K, 5% used [0x00000000e0000000,0x00000000e0d73918,0x00000000eeb00000)
  from space 29696K, 64% used [0x00000000f0700000,0x00000000f1996c88,0x00000000f2400000)
  to   space 28672K, 0% used [0x00000000eeb00000,0x00000000eeb00000,0x00000000f0700000)
 ParOldGen       total 184832K, used 47789K [0x00000000a0000000, 0x00000000ab480000, 0x00000000e0000000)
  object space 184832K, 25% used [0x00000000a0000000,0x00000000a2eab4e8,0x00000000ab480000)
 Metaspace       used 103395K, capacity 107842K, committed 108312K, reserved 1144832K
  class space    used 12745K, capacity 13539K, committed 13848K, reserved 1048576K
GC Heap History (10 events):
Event: 6295.049 GC heap before
{Heap before GC invocations=30 (full 4):
 PSYoungGen      total 211968K, used 198001K [0x00000000e0000000, 0x00000000efd00000, 0x0000000100000000)
  eden space 178688K, 100% used [0x00000000e0000000,0x00000000eae80000,0x00000000eae80000)
  from space 33280K, 58% used [0x00000000eae80000,0x00000000ec15c7c8,0x00000000ecf00000)
  to   space 32768K, 0% used [0x00000000edd00000,0x00000000edd00000,0x00000000efd00000)
 ParOldGen       total 184832K, used 47749K [0x00000000a0000000, 0x00000000ab480000, 0x00000000e0000000)
  object space 184832K, 25% used [0x00000000a0000000,0x00000000a2ea14e8,0x00000000ab480000)
 Metaspace       used 102982K, capacity 107408K, committed 108056K, reserved 1144832K
  class space    used 12723K, capacity 13498K, committed 13848K, reserved 1048576K
Event: 6295.075 GC heap after
Heap after GC invocations=30 (full 4):
 PSYoungGen      total 225280K, used 17919K [0x00000000e0000000, 0x00000000efb00000, 0x0000000100000000)
  eden space 194560K, 0% used [0x00000000e0000000,0x00000000e0000000,0x00000000ebe00000)
  from space 30720K, 58% used [0x00000000edd00000,0x00000000eee7fe18,0x00000000efb00000)
  to   space 31232K, 0% used [0x00000000ebe00000,0x00000000ebe00000,0x00000000edc80000)
 ParOldGen       total 184832K, used 47757K [0x00000000a0000000, 0x00000000ab480000, 0x00000000e0000000)
  object space 184832K, 25% used [0x00000000a0000000,0x00000000a2ea34e8,0x00000000ab480000)
 Metaspace       used 102982K, capacity 107408K, committed 108056K, reserved 1144832K
  class space    used 12723K, capacity 13498K, committed 13848K, reserved 1048576K
}
Event: 6296.797 GC heap before
{Heap before GC invocations=31 (full 4):
 PSYoungGen      total 225280K, used 212479K [0x00000000e0000000, 0x00000000efb00000, 0x0000000100000000)
  eden space 194560K, 100% used [0x00000000e0000000,0x00000000ebe00000,0x00000000ebe00000)
  from space 30720K, 58% used [0x00000000edd00000,0x00000000eee7fe18,0x00000000efb00000)
  to   space 31232K, 0% used [0x00000000ebe00000,0x00000000ebe00000,0x00000000edc80000)
 ParOldGen       total 184832K, used 47757K [0x00000000a0000000, 0x00000000ab480000, 0x00000000e0000000)
  object space 184832K, 25% used [0x00000000a0000000,0x00000000a2ea34e8,0x00000000ab480000)
 Metaspace       used 103180K, capacity 107678K, committed 108312K, reserved 1144832K
  class space    used 12741K, capacity 13535K, committed 13848K, reserved 1048576K
Event: 6296.823 GC heap after
Heap after GC invocations=31 (full 4):
 PSYoungGen      total 225792K, used 20530K [0x00000000e0000000, 0x00000000f0b80000, 0x0000000100000000)
  eden space 194560K, 0% used [0x00000000e0000000,0x00000000e0000000,0x00000000ebe00000)
  from space 31232K, 65% used [0x00000000ebe00000,0x00000000ed20cb58,0x00000000edc80000)
  to   space 30720K, 0% used [0x00000000eed80000,0x00000000eed80000,0x00000000f0b80000)
 ParOldGen       total 184832K, used 47765K [0x00000000a0000000, 0x00000000ab480000, 0x00000000e0000000)
  object space 184832K, 25% used [0x00000000a0000000,0x00000000a2ea54e8,0x00000000ab480000)
 Metaspace       used 103180K, capacity 107678K, committed 108312K, reserved 1144832K
  class space    used 12741K, capacity 13535K, committed 13848K, reserved 1048576K
}
Event: 6298.705 GC heap before
{Heap before GC invocations=32 (full 4):
 PSYoungGen      total 225792K, used 215090K [0x00000000e0000000, 0x00000000f0b80000, 0x0000000100000000)
  eden space 194560K, 100% used [0x00000000e0000000,0x00000000ebe00000,0x00000000ebe00000)
  from space 31232K, 65% used [0x00000000ebe00000,0x00000000ed20cb58,0x00000000edc80000)
  to   space 30720K, 0% used [0x00000000eed80000,0x00000000eed80000,0x00000000f0b80000)
 ParOldGen       total 184832K, used 47765K [0x00000000a0000000, 0x00000000ab480000, 0x00000000e0000000)
  object space 184832K, 25% used [0x00000000a0000000,0x00000000a2ea54e8,0x00000000ab480000)
 Metaspace       used 103274K, capacity 107748K, committed 108312K, reserved 1144832K
  class space    used 12743K, capacity 13536K, committed 13848K, reserved 1048576K
Event: 6298.757 GC heap after
Heap after GC invocations=32 (full 4):
 PSYoungGen      total 243712K, used 20577K [0x00000000e0000000, 0x00000000f0e00000, 0x0000000100000000)
  eden space 212992K, 0% used [0x00000000e0000000,0x00000000e0000000,0x00000000ed000000)
  from space 30720K, 66% used [0x00000000eed80000,0x00000000f0198608,0x00000000f0b80000)
  to   space 30208K, 0% used [0x00000000ed000000,0x00000000ed000000,0x00000000eed80000)
 ParOldGen       total 184832K, used 47773K [0x00000000a0000000, 0x00000000ab480000, 0x00000000e0000000)
  object space 184832K, 25% used [0x00000000a0000000,0x00000000a2ea74e8,0x00000000ab480000)
 Metaspace       used 103274K, capacity 107748K, committed 108312K, reserved 1144832K
  class space    used 12743K, capacity 13536K, committed 13848K, reserved 1048576K
}
Event: 6300.673 GC heap before
{Heap before GC invocations=33 (full 4):
 PSYoungGen      total 243712K, used 233569K [0x00000000e0000000, 0x00000000f0e00000, 0x0000000100000000)
  eden space 212992K, 100% used [0x00000000e0000000,0x00000000ed000000,0x00000000ed000000)
  from space 30720K, 66% used [0x00000000eed80000,0x00000000f0198608,0x00000000f0b80000)
  to   space 30208K, 0% used [0x00000000ed000000,0x00000000ed000000,0x00000000eed80000)
 ParOldGen       total 184832K, used 47773K [0x00000000a0000000, 0x00000000ab480000, 0x00000000e0000000)
  object space 184832K, 25% used [0x00000000a0000000,0x00000000a2ea74e8,0x00000000ab480000)
 Metaspace       used 103340K, capacity 107834K, committed 108312K, reserved 1144832K
  class space    used 12743K, capacity 13537K, committed 13848K, reserved 1048576K
Event: 6300.736 GC heap after
Heap after GC invocations=33 (full 4):
 PSYoungGen      total 243200K, used 19698K [0x00000000e0000000, 0x00000000f2400000, 0x0000000100000000)
  eden space 212992K, 0% used [0x00000000e0000000,0x00000000e0000000,0x00000000ed000000)
  from space 30208K, 65% used [0x00000000ed000000,0x00000000ee33ca30,0x00000000eed80000)
  to   space 29696K, 0% used [0x00000000f0700000,0x00000000f0700000,0x00000000f2400000)
 ParOldGen       total 184832K, used 47781K [0x00000000a0000000, 0x00000000ab480000, 0x00000000e0000000)
  object space 184832K, 25% used [0x00000000a0000000,0x00000000a2ea94e8,0x00000000ab480000)
 Metaspace       used 103340K, capacity 107834K, committed 108312K, reserved 1144832K
  class space    used 12743K, capacity 13537K, committed 13848K, reserved 1048576K
}
Event: 6302.493 GC heap before
{Heap before GC invocations=34 (full 4):
 PSYoungGen      total 243200K, used 232690K [0x00000000e0000000, 0x00000000f2400000, 0x0000000100000000)
  eden space 212992K, 100% used [0x00000000e0000000,0x00000000ed000000,0x00000000ed000000)
  from space 30208K, 65% used [0x00000000ed000000,0x00000000ee33ca30,0x00000000eed80000)
  to   space 29696K, 0% used [0x00000000f0700000,0x00000000f0700000,0x00000000f2400000)
 ParOldGen       total 184832K, used 47781K [0x00000000a0000000, 0x00000000ab480000, 0x00000000e0000000)
  object space 184832K, 25% used [0x00000000a0000000,0x00000000a2ea94e8,0x00000000ab480000)
 Metaspace       used 103389K, capacity 107842K, committed 108312K, reserved 1144832K
  class space    used 12745K, capacity 13539K, committed 13848K, reserved 1048576K
Event: 6302.596 GC heap after
Heap after GC invocations=34 (full 4):
 PSYoungGen      total 270336K, used 19035K [0x00000000e0000000, 0x00000000f2800000, 0x0000000100000000)
  eden space 240640K, 0% used [0x00000000e0000000,0x00000000e0000000,0x00000000eeb00000)
  from space 29696K, 64% used [0x00000000f0700000,0x00000000f1996c88,0x00000000f2400000)
  to   space 28672K, 0% used [0x00000000eeb00000,0x00000000eeb00000,0x00000000f0700000)
 ParOldGen       total 184832K, used 47789K [0x00000000a0000000, 0x00000000ab480000, 0x00000000e0000000)
  object space 184832K, 25% used [0x00000000a0000000,0x00000000a2eab4e8,0x00000000ab480000)
 Metaspace       used 103389K, capacity 107842K, committed 108312K, reserved 1144832K
  class space    used 12745K, capacity 13539K, committed 13848K, reserved 1048576K
}

