# JRE version: OpenJDK Runtime Environment (8.0_152-b01) (build 1.8.0_152-release-1343-b01)
# Java VM: OpenJDK 64-Bit Server VM (25.152-b01 mixed mode windows-amd64 compressed oops)
Heap:
 PSYoungGen      total 266752K, used 109481K [0x00000000e0000000, 0x00000000f2480000, 0x0000000100000000)
  eden space 241664K, 40% used [0x00000000e0000000,0x00000000e607db78,0x00000000eec00000)
  from space 25088K, 42% used [0x00000000eec00000,0x00000000ef66cad0,0x00000000f0480000)
  to   space 26112K, 0% used [0x00000000f0480000,0x00000000f0480000,0x00000000f1e00000)
 ParOldGen       total 116736K, used 77877K [0x00000000a0000000, 0x00000000a7200000, 0x00000000e0000000)
  object space 116736K, 66% used [0x00000000a0000000,0x00000000a4c0d678,0x00000000a7200000)
 Metaspace       used 91016K, capacity 94404K, committed 94592K, reserved 1132544K
  class space    used 11659K, capacity 12318K, committed 12416K, reserved 1048576K
GC Heap History (10 events):
Event: 101.913 GC heap before
{Heap before GC invocations=22 (full 3):
 PSYoungGen      total 204800K, used 204795K [0x00000000e0000000, 0x00000000ee280000, 0x0000000100000000)
  eden space 188928K, 100% used [0x00000000e0000000,0x00000000eb880000,0x00000000eb880000)
  from space 15872K, 99% used [0x00000000ecb00000,0x00000000eda7ed60,0x00000000eda80000)
  to   space 18944K, 0% used [0x00000000eb880000,0x00000000eb880000,0x00000000ecb00000)
 ParOldGen       total 116736K, used 53067K [0x00000000a0000000, 0x00000000a7200000, 0x00000000e0000000)
  object space 116736K, 45% used [0x00000000a0000000,0x00000000a33d2ca8,0x00000000a7200000)
 Metaspace       used 77825K, capacity 79908K, committed 80256K, reserved 1118208K
  class space    used 10093K, capacity 10580K, committed 10624K, reserved 1048576K
Event: 101.996 GC heap after
Heap after GC invocations=22 (full 3):
 PSYoungGen      total 207872K, used 15305K [0x00000000e0000000, 0x00000000ef880000, 0x0000000100000000)
  eden space 188928K, 0% used [0x00000000e0000000,0x00000000e0000000,0x00000000eb880000)
  from space 18944K, 80% used [0x00000000eb880000,0x00000000ec7725d0,0x00000000ecb00000)
  to   space 19968K, 0% used [0x00000000ee500000,0x00000000ee500000,0x00000000ef880000)
 ParOldGen       total 116736K, used 62687K [0x00000000a0000000, 0x00000000a7200000, 0x00000000e0000000)
  object space 116736K, 53% used [0x00000000a0000000,0x00000000a3d37f98,0x00000000a7200000)
 Metaspace       used 77825K, capacity 79908K, committed 80256K, reserved 1118208K
  class space    used 10093K, capacity 10580K, committed 10624K, reserved 1048576K
}
Event: 115.967 GC heap before
{Heap before GC invocations=23 (full 3):
 PSYoungGen      total 207872K, used 204233K [0x00000000e0000000, 0x00000000ef880000, 0x0000000100000000)
  eden space 188928K, 100% used [0x00000000e0000000,0x00000000eb880000,0x00000000eb880000)
  from space 18944K, 80% used [0x00000000eb880000,0x00000000ec7725d0,0x00000000ecb00000)
  to   space 19968K, 0% used [0x00000000ee500000,0x00000000ee500000,0x00000000ef880000)
 ParOldGen       total 116736K, used 62687K [0x00000000a0000000, 0x00000000a7200000, 0x00000000e0000000)
  object space 116736K, 53% used [0x00000000a0000000,0x00000000a3d37f98,0x00000000a7200000)
 Metaspace       used 79830K, capacity 82310K, committed 82432K, reserved 1120256K
  class space    used 10369K, capacity 10905K, committed 11008K, reserved 1048576K
Event: 116.026 GC heap after
Heap after GC invocations=23 (full 3):
 PSYoungGen      total 232448K, used 18302K [0x00000000e0000000, 0x00000000efa80000, 0x0000000100000000)
  eden space 212480K, 0% used [0x00000000e0000000,0x00000000e0000000,0x00000000ecf80000)
  from space 19968K, 91% used [0x00000000ee500000,0x00000000ef6df838,0x00000000ef880000)
  to   space 22016K, 0% used [0x00000000ecf80000,0x00000000ecf80000,0x00000000ee500000)
 ParOldGen       total 116736K, used 62695K [0x00000000a0000000, 0x00000000a7200000, 0x00000000e0000000)
  object space 116736K, 53% used [0x00000000a0000000,0x00000000a3d39f98,0x00000000a7200000)
 Metaspace       used 79830K, capacity 82310K, committed 82432K, reserved 1120256K
  class space    used 10369K, capacity 10905K, committed 11008K, reserved 1048576K
}
Event: 126.097 GC heap before
{Heap before GC invocations=24 (full 3):
 PSYoungGen      total 232448K, used 230782K [0x00000000e0000000, 0x00000000efa80000, 0x0000000100000000)
  eden space 212480K, 100% used [0x00000000e0000000,0x00000000ecf80000,0x00000000ecf80000)
  from space 19968K, 91% used [0x00000000ee500000,0x00000000ef6df838,0x00000000ef880000)
  to   space 22016K, 0% used [0x00000000ecf80000,0x00000000ecf80000,0x00000000ee500000)
 ParOldGen       total 116736K, used 62695K [0x00000000a0000000, 0x00000000a7200000, 0x00000000e0000000)
  object space 116736K, 53% used [0x00000000a0000000,0x00000000a3d39f98,0x00000000a7200000)
 Metaspace       used 89330K, capacity 92390K, committed 92544K, reserved 1130496K
  class space    used 11486K, capacity 12077K, committed 12160K, reserved 1048576K
Event: 126.204 GC heap after
Heap after GC invocations=24 (full 3):
 PSYoungGen      total 234496K, used 21996K [0x00000000e0000000, 0x00000000f1e00000, 0x0000000100000000)
  eden space 212480K, 0% used [0x00000000e0000000,0x00000000e0000000,0x00000000ecf80000)
  from space 22016K, 99% used [0x00000000ecf80000,0x00000000ee4fb1f8,0x00000000ee500000)
  to   space 26112K, 0% used [0x00000000f0480000,0x00000000f0480000,0x00000000f1e00000)
 ParOldGen       total 116736K, used 66467K [0x00000000a0000000, 0x00000000a7200000, 0x00000000e0000000)
  object space 116736K, 56% used [0x00000000a0000000,0x00000000a40e8c58,0x00000000a7200000)
 Metaspace       used 89330K, capacity 92390K, committed 92544K, reserved 1130496K
  class space    used 11486K, capacity 12077K, committed 12160K, reserved 1048576K
}
Event: 129.358 GC heap before
{Heap before GC invocations=25 (full 3):
 PSYoungGen      total 234496K, used 234476K [0x00000000e0000000, 0x00000000f1e00000, 0x0000000100000000)
  eden space 212480K, 100% used [0x00000000e0000000,0x00000000ecf80000,0x00000000ecf80000)
  from space 22016K, 99% used [0x00000000ecf80000,0x00000000ee4fb1f8,0x00000000ee500000)
  to   space 26112K, 0% used [0x00000000f0480000,0x00000000f0480000,0x00000000f1e00000)
 ParOldGen       total 116736K, used 66467K [0x00000000a0000000, 0x00000000a7200000, 0x00000000e0000000)
  object space 116736K, 56% used [0x00000000a0000000,0x00000000a40e8c58,0x00000000a7200000)
 Metaspace       used 90753K, capacity 94150K, committed 94336K, reserved 1130496K
  class space    used 11641K, capacity 12313K, committed 12416K, reserved 1048576K
Event: 129.440 GC heap after
Heap after GC invocations=25 (full 3):
 PSYoungGen      total 267776K, used 10296K [0x00000000e0000000, 0x00000000f2480000, 0x0000000100000000)
  eden space 241664K, 0% used [0x00000000e0000000,0x00000000e0000000,0x00000000eec00000)
  from space 26112K, 39% used [0x00000000f0480000,0x00000000f0e8e1e8,0x00000000f1e00000)
  to   space 25088K, 0% used [0x00000000eec00000,0x00000000eec00000,0x00000000f0480000)
 ParOldGen       total 116736K, used 77524K [0x00000000a0000000, 0x00000000a7200000, 0x00000000e0000000)
  object space 116736K, 66% used [0x00000000a0000000,0x00000000a4bb5140,0x00000000a7200000)
 Metaspace       used 90753K, capacity 94150K, committed 94336K, reserved 1130496K
  class space    used 11641K, capacity 12313K, committed 12416K, reserved 1048576K
}
Event: 131.675 GC heap before
{Heap before GC invocations=26 (full 3):
 PSYoungGen      total 267776K, used 251960K [0x00000000e0000000, 0x00000000f2480000, 0x0000000100000000)
  eden space 241664K, 100% used [0x00000000e0000000,0x00000000eec00000,0x00000000eec00000)
  from space 26112K, 39% used [0x00000000f0480000,0x00000000f0e8e1e8,0x00000000f1e00000)
  to   space 25088K, 0% used [0x00000000eec00000,0x00000000eec00000,0x00000000f0480000)
 ParOldGen       total 116736K, used 77869K [0x00000000a0000000, 0x00000000a7200000, 0x00000000e0000000)
  object space 116736K, 66% used [0x00000000a0000000,0x00000000a4c0b678,0x00000000a7200000)
 Metaspace       used 90960K, capacity 94400K, committed 94592K, reserved 1132544K
  class space    used 11659K, capacity 12318K, committed 12416K, reserved 1048576K
Event: 131.706 GC heap after
Heap after GC invocations=26 (full 3):
 PSYoungGen      total 266752K, used 10674K [0x00000000e0000000, 0x00000000f2480000, 0x0000000100000000)
  eden space 241664K, 0% used [0x00000000e0000000,0x00000000e0000000,0x00000000eec00000)
  from space 25088K, 42% used [0x00000000eec00000,0x00000000ef66cad0,0x00000000f0480000)
  to   space 26112K, 0% used [0x00000000f0480000,0x00000000f0480000,0x00000000f1e00000)
 ParOldGen       total 116736K, used 77877K [0x00000000a0000000, 0x00000000a7200000, 0x00000000e0000000)
  object space 116736K, 66% used [0x00000000a0000000,0x00000000a4c0d678,0x00000000a7200000)
 Metaspace       used 90960K, capacity 94400K, committed 94592K, reserved 1132544K
  class space    used 11659K, capacity 12318K, committed 12416K, reserved 1048576K
}

