# JRE version: OpenJDK Runtime Environment (8.0_152-b01) (build 1.8.0_152-release-1343-b01)
# Java VM: OpenJDK 64-Bit Server VM (25.152-b01 mixed mode windows-amd64 compressed oops)
Heap:
 PSYoungGen      total 386048K, used 68783K [0x00000000e0000000, 0x00000000f8d00000, 0x0000000100000000)
  eden space 365568K, 18% used [0x00000000e0000000,0x00000000e416bdd8,0x00000000f6500000)
  from space 20480K, 8% used [0x00000000f6500000,0x00000000f66c0000,0x00000000f7900000)
  to   space 18944K, 0% used [0x00000000f7a80000,0x00000000f7a80000,0x00000000f8d00000)
 ParOldGen       total 125952K, used 59956K [0x00000000a0000000, 0x00000000a7b00000, 0x00000000e0000000)
  object space 125952K, 47% used [0x00000000a0000000,0x00000000a3a8d2e8,0x00000000a7b00000)
 Metaspace       used 73922K, capacity 77062K, committed 77144K, reserved 1116160K
  class space    used 9755K, capacity 10353K, committed 10368K, reserved 1048576K
GC Heap History (10 events):
Event: 54.978 GC heap before
{Heap before GC invocations=24 (full 3):
 PSYoungGen      total 350720K, used 335841K [0x00000000e0000000, 0x00000000f6f80000, 0x0000000100000000)
  eden space 332288K, 100% used [0x00000000e0000000,0x00000000f4480000,0x00000000f4480000)
  from space 18432K, 19% used [0x00000000f5d80000,0x00000000f60f8608,0x00000000f6f80000)
  to   space 22016K, 0% used [0x00000000f4480000,0x00000000f4480000,0x00000000f5a00000)
 ParOldGen       total 125952K, used 59948K [0x00000000a0000000, 0x00000000a7b00000, 0x00000000e0000000)
  object space 125952K, 47% used [0x00000000a0000000,0x00000000a3a8b2e8,0x00000000a7b00000)
 Metaspace       used 73745K, capacity 76922K, committed 77144K, reserved 1116160K
  class space    used 9753K, capacity 10351K, committed 10368K, reserved 1048576K
Event: 54.993 GC heap after
Heap after GC invocations=24 (full 3):
 PSYoungGen      total 354304K, used 2272K [0x00000000e0000000, 0x00000000f8f80000, 0x0000000100000000)
  eden space 332288K, 0% used [0x00000000e0000000,0x00000000e0000000,0x00000000f4480000)
  from space 22016K, 10% used [0x00000000f4480000,0x00000000f46b8000,0x00000000f5a00000)
  to   space 21504K, 0% used [0x00000000f7a80000,0x00000000f7a80000,0x00000000f8f80000)
 ParOldGen       total 125952K, used 59948K [0x00000000a0000000, 0x00000000a7b00000, 0x00000000e0000000)
  object space 125952K, 47% used [0x00000000a0000000,0x00000000a3a8b2e8,0x00000000a7b00000)
 Metaspace       used 73745K, capacity 76922K, committed 77144K, reserved 1116160K
  class space    used 9753K, capacity 10351K, committed 10368K, reserved 1048576K
}
Event: 56.673 GC heap before
{Heap before GC invocations=25 (full 3):
 PSYoungGen      total 354304K, used 334560K [0x00000000e0000000, 0x00000000f8f80000, 0x0000000100000000)
  eden space 332288K, 100% used [0x00000000e0000000,0x00000000f4480000,0x00000000f4480000)
  from space 22016K, 10% used [0x00000000f4480000,0x00000000f46b8000,0x00000000f5a00000)
  to   space 21504K, 0% used [0x00000000f7a80000,0x00000000f7a80000,0x00000000f8f80000)
 ParOldGen       total 125952K, used 59948K [0x00000000a0000000, 0x00000000a7b00000, 0x00000000e0000000)
  object space 125952K, 47% used [0x00000000a0000000,0x00000000a3a8b2e8,0x00000000a7b00000)
 Metaspace       used 73794K, capacity 76988K, committed 77144K, reserved 1116160K
  class space    used 9754K, capacity 10352K, committed 10368K, reserved 1048576K
Event: 56.688 GC heap after
Heap after GC invocations=25 (full 3):
 PSYoungGen      total 384512K, used 5326K [0x00000000e0000000, 0x00000000f8d00000, 0x0000000100000000)
  eden space 365568K, 0% used [0x00000000e0000000,0x00000000e0000000,0x00000000f6500000)
  from space 18944K, 28% used [0x00000000f7a80000,0x00000000f7fb3b38,0x00000000f8d00000)
  to   space 20480K, 0% used [0x00000000f6500000,0x00000000f6500000,0x00000000f7900000)
 ParOldGen       total 125952K, used 59948K [0x00000000a0000000, 0x00000000a7b00000, 0x00000000e0000000)
  object space 125952K, 47% used [0x00000000a0000000,0x00000000a3a8b2e8,0x00000000a7b00000)
 Metaspace       used 73794K, capacity 76988K, committed 77144K, reserved 1116160K
  class space    used 9754K, capacity 10352K, committed 10368K, reserved 1048576K
}
Event: 58.341 GC heap before
{Heap before GC invocations=26 (full 3):
 PSYoungGen      total 384512K, used 370894K [0x00000000e0000000, 0x00000000f8d00000, 0x0000000100000000)
  eden space 365568K, 100% used [0x00000000e0000000,0x00000000f6500000,0x00000000f6500000)
  from space 18944K, 28% used [0x00000000f7a80000,0x00000000f7fb3b38,0x00000000f8d00000)
  to   space 20480K, 0% used [0x00000000f6500000,0x00000000f6500000,0x00000000f7900000)
 ParOldGen       total 125952K, used 59948K [0x00000000a0000000, 0x00000000a7b00000, 0x00000000e0000000)
  object space 125952K, 47% used [0x00000000a0000000,0x00000000a3a8b2e8,0x00000000a7b00000)
 Metaspace       used 73828K, capacity 76992K, committed 77144K, reserved 1116160K
  class space    used 9754K, capacity 10352K, committed 10368K, reserved 1048576K
Event: 58.351 GC heap after
Heap after GC invocations=26 (full 3):
 PSYoungGen      total 386048K, used 2429K [0x00000000e0000000, 0x00000000f8d00000, 0x0000000100000000)
  eden space 365568K, 0% used [0x00000000e0000000,0x00000000e0000000,0x00000000f6500000)
  from space 20480K, 11% used [0x00000000f6500000,0x00000000f675f4e0,0x00000000f7900000)
  to   space 18944K, 0% used [0x00000000f7a80000,0x00000000f7a80000,0x00000000f8d00000)
 ParOldGen       total 125952K, used 59948K [0x00000000a0000000, 0x00000000a7b00000, 0x00000000e0000000)
  object space 125952K, 47% used [0x00000000a0000000,0x00000000a3a8b2e8,0x00000000a7b00000)
 Metaspace       used 73828K, capacity 76992K, committed 77144K, reserved 1116160K
  class space    used 9754K, capacity 10352K, committed 10368K, reserved 1048576K
}
Event: 59.789 GC heap before
{Heap before GC invocations=27 (full 3):
 PSYoungGen      total 386048K, used 367997K [0x00000000e0000000, 0x00000000f8d00000, 0x0000000100000000)
  eden space 365568K, 100% used [0x00000000e0000000,0x00000000f6500000,0x00000000f6500000)
  from space 20480K, 11% used [0x00000000f6500000,0x00000000f675f4e0,0x00000000f7900000)
  to   space 18944K, 0% used [0x00000000f7a80000,0x00000000f7a80000,0x00000000f8d00000)
 ParOldGen       total 125952K, used 59948K [0x00000000a0000000, 0x00000000a7b00000, 0x00000000e0000000)
  object space 125952K, 47% used [0x00000000a0000000,0x00000000a3a8b2e8,0x00000000a7b00000)
 Metaspace       used 73847K, capacity 77062K, committed 77144K, reserved 1116160K
  class space    used 9755K, capacity 10353K, committed 10368K, reserved 1048576K
Event: 59.801 GC heap after
Heap after GC invocations=27 (full 3):
 PSYoungGen      total 384512K, used 3898K [0x00000000e0000000, 0x00000000f8d00000, 0x0000000100000000)
  eden space 365568K, 0% used [0x00000000e0000000,0x00000000e0000000,0x00000000f6500000)
  from space 18944K, 20% used [0x00000000f7a80000,0x00000000f7e4e9e8,0x00000000f8d00000)
  to   space 20480K, 0% used [0x00000000f6500000,0x00000000f6500000,0x00000000f7900000)
 ParOldGen       total 125952K, used 59948K [0x00000000a0000000, 0x00000000a7b00000, 0x00000000e0000000)
  object space 125952K, 47% used [0x00000000a0000000,0x00000000a3a8b2e8,0x00000000a7b00000)
 Metaspace       used 73847K, capacity 77062K, committed 77144K, reserved 1116160K
  class space    used 9755K, capacity 10353K, committed 10368K, reserved 1048576K
}
Event: 62.051 GC heap before
{Heap before GC invocations=28 (full 3):
 PSYoungGen      total 384512K, used 369466K [0x00000000e0000000, 0x00000000f8d00000, 0x0000000100000000)
  eden space 365568K, 100% used [0x00000000e0000000,0x00000000f6500000,0x00000000f6500000)
  from space 18944K, 20% used [0x00000000f7a80000,0x00000000f7e4e9e8,0x00000000f8d00000)
  to   space 20480K, 0% used [0x00000000f6500000,0x00000000f6500000,0x00000000f7900000)
 ParOldGen       total 125952K, used 59948K [0x00000000a0000000, 0x00000000a7b00000, 0x00000000e0000000)
  object space 125952K, 47% used [0x00000000a0000000,0x00000000a3a8b2e8,0x00000000a7b00000)
 Metaspace       used 73921K, capacity 77062K, committed 77144K, reserved 1116160K
  class space    used 9755K, capacity 10353K, committed 10368K, reserved 1048576K
Event: 62.110 GC heap after
Heap after GC invocations=28 (full 3):
 PSYoungGen      total 386048K, used 1792K [0x00000000e0000000, 0x00000000f8d00000, 0x0000000100000000)
  eden space 365568K, 0% used [0x00000000e0000000,0x00000000e0000000,0x00000000f6500000)
  from space 20480K, 8% used [0x00000000f6500000,0x00000000f66c0000,0x00000000f7900000)
  to   space 18944K, 0% used [0x00000000f7a80000,0x00000000f7a80000,0x00000000f8d00000)
 ParOldGen       total 125952K, used 59956K [0x00000000a0000000, 0x00000000a7b00000, 0x00000000e0000000)
  object space 125952K, 47% used [0x00000000a0000000,0x00000000a3a8d2e8,0x00000000a7b00000)
 Metaspace       used 73921K, capacity 77062K, committed 77144K, reserved 1116160K
  class space    used 9755K, capacity 10353K, committed 10368K, reserved 1048576K
}

